D:\Work\Window_Final_Project\Project_MyShop_2025\Project_MyShop_2025.Core\Services\Implementations\UserService.cs(27,63): error CS1061: 'User' does not contain a definition for 'Password' and no accessible extension method 'Password' accepting a first argument of type 'User' could be found (are you missing a using directive or an assembly reference?) [D:\Work\Window_Final_Project\Project_MyShop_2025\Project_MyShop_2025.Core\Project_MyShop_2025.Core.csproj]
D:\Work\Window_Final_Project\Project_MyShop_2025\Project_MyShop_2025.Core\Services\Implementations\UserService.cs(27,33): error CS0117: 'PasswordHelper' does not contain a definition for 'VerifyPassword' [D:\Work\Window_Final_Project\Project_MyShop_2025\Project_MyShop_2025.Core\Project_MyShop_2025.Core.csproj]
D:\Work\Window_Final_Project\Project_MyShop_2025\Project_MyShop_2025.Core\Services\Implementations\UserService.cs(46,49): error CS0117: 'PasswordHelper' does not contain a definition for 'HashPassword' [D:\Work\Window_Final_Project\Project_MyShop_2025\Project_MyShop_2025.Core\Project_MyShop_2025.Core.csproj]
D:\Work\Window_Final_Project\Project_MyShop_2025\Project_MyShop_2025.Core\Services\Implementations\UserService.cs(51,17): error CS0117: 'User' does not contain a definition for 'Password' [D:\Work\Window_Final_Project\Project_MyShop_2025\Project_MyShop_2025.Core\Project_MyShop_2025.Core.csproj]
D:\Work\Window_Final_Project\Project_MyShop_2025\Project_MyShop_2025.Core\Services\Implementations\UserService.cs(68,70): error CS1061: 'User' does not contain a definition for 'Password' and no accessible extension method 'Password' accepting a first argument of type 'User' could be found (are you missing a using directive or an assembly reference?) [D:\Work\Window_Final_Project\Project_MyShop_2025\Project_MyShop_2025.Core\Project_MyShop_2025.Core.csproj]
D:\Work\Window_Final_Project\Project_MyShop_2025\Project_MyShop_2025.Core\Services\Implementations\UserService.cs(68,33): error CS0117: 'PasswordHelper' does not contain a definition for 'VerifyPassword' [D:\Work\Window_Final_Project\Project_MyShop_2025\Project_MyShop_2025.Core\Project_MyShop_2025.Core.csproj]
D:\Work\Window_Final_Project\Project_MyShop_2025\Project_MyShop_2025.Core\Services\Implementations\UserService.cs(71,18): error CS1061: 'User' does not contain a definition for 'Password' and no accessible extension method 'Password' accepting a first argument of type 'User' could be found (are you missing a using directive or an assembly reference?) [D:\Work\Window_Final_Project\Project_MyShop_2025\Project_MyShop_2025.Core\Project_MyShop_2025.Core.csproj]
D:\Work\Window_Final_Project\Project_MyShop_2025\Project_MyShop_2025.Core\Services\Implementations\UserService.cs(71,44): error CS0117: 'PasswordHelper' does not contain a definition for 'HashPassword' [D:\Work\Window_Final_Project\Project_MyShop_2025\Project_MyShop_2025.Core\Project_MyShop_2025.Core.csproj]

Build FAILED.
    3 Warning(s)
    8 Error(s)

Time Elapsed 00:00:01.86
